0 info it worked if it ends with ok
1 verbose cli [ '/usr/local/bin/node',
1 verbose cli   '/usr/local/bin/npm',
1 verbose cli   'install',
1 verbose cli   'ejs',
1 verbose cli   '-g',
1 verbose cli   '--save' ]
2 info using npm@3.5.0
3 info using node@v5.0.0
4 silly loadCurrentTree Starting
5 silly install loadCurrentTree
6 silly install readGlobalPackageData
7 silly fetchPackageMetaData ejs
8 silly fetchNamedPackageData ejs
9 silly mapToRegistry name ejs
10 silly mapToRegistry using default registry
11 silly mapToRegistry registry https://registry.npmjs.org/
12 silly mapToRegistry uri https://registry.npmjs.org/ejs
13 verbose get https://registry.npmjs.org/ejs not expired, no request
14 silly install normalizeTree
15 silly loadCurrentTree Finishing
16 silly loadIdealTree Starting
17 silly install loadIdealTree
18 silly cloneCurrentTree Starting
19 silly install cloneCurrentTreeToIdealTree
20 silly cloneCurrentTree Finishing
21 silly loadShrinkwrap Starting
22 silly install loadShrinkwrap
23 silly loadShrinkwrap Finishing
24 silly loadAllDepsIntoIdealTree Starting
25 silly install loadAllDepsIntoIdealTree
26 silly resolveWithNewModule ejs@2.4.1 checking installable status
27 silly cache add args [ 'ejs', null ]
28 verbose cache add spec ejs
29 silly cache add parsed spec Result {
29 silly cache add   raw: 'ejs',
29 silly cache add   scope: null,
29 silly cache add   name: 'ejs',
29 silly cache add   rawSpec: '',
29 silly cache add   spec: 'latest',
29 silly cache add   type: 'tag' }
30 silly addNamed ejs@latest
31 verbose addNamed "latest" is being treated as a dist-tag for ejs
32 info addNameTag [ 'ejs', 'latest' ]
33 silly mapToRegistry name ejs
34 silly mapToRegistry using default registry
35 silly mapToRegistry registry https://registry.npmjs.org/
36 silly mapToRegistry uri https://registry.npmjs.org/ejs
37 verbose addNameTag registry:https://registry.npmjs.org/ejs not in flight; fetching
38 verbose get https://registry.npmjs.org/ejs not expired, no request
39 silly addNameTag next cb for ejs with tag latest
40 silly addNamed ejs@2.4.1
41 verbose addNamed "2.4.1" is a plain semver version for ejs
42 silly cache afterAdd ejs@2.4.1
43 verbose afterAdd /Users/cro/.npm/ejs/2.4.1/package/package.json not in flight; writing
44 verbose afterAdd /Users/cro/.npm/ejs/2.4.1/package/package.json written
45 silly loadAllDepsIntoIdealTree Finishing
46 silly idealTree:prePrune lib
46 silly idealTree:prePrune └── ejs@2.4.1
47 silly loadIdealTree Finishing
48 silly currentTree lib
48 silly currentTree └── ejs@2.4.1
49 silly idealTree lib
49 silly idealTree └── ejs@2.4.1
50 silly generateActionsToTake Starting
51 silly install generateActionsToTake
52 warn checkPermissions Missing write access to /usr/local/lib/node_modules/ejs
53 warn checkPermissions Missing write access to /usr/local/lib/node_modules
54 silly rollbackFailedOptional Starting
55 silly rollbackFailedOptional Finishing
56 silly runTopLevelLifecycles Starting
57 silly runTopLevelLifecycles Finishing
58 silly install printInstalled
59 verbose stack Error: EACCES: permission denied, access '/usr/local/lib/node_modules/ejs'
59 verbose stack     at Error (native)
60 verbose cwd /Users/cro/c-ro.github.io
61 error Darwin 14.5.0
62 error argv "/usr/local/bin/node" "/usr/local/bin/npm" "install" "ejs" "-g" "--save"
63 error node v5.0.0
64 error npm  v3.5.0
65 error path /usr/local/lib/node_modules/ejs
66 error code EACCES
67 error errno -13
68 error syscall access
69 error Error: EACCES: permission denied, access '/usr/local/lib/node_modules/ejs'
69 error     at Error (native)
69 error  { [Error: EACCES: permission denied, access '/usr/local/lib/node_modules/ejs']
69 error   errno: -13,
69 error   code: 'EACCES',
69 error   syscall: 'access',
69 error   path: '/usr/local/lib/node_modules/ejs' }
70 error Please try running this command again as root/Administrator.
71 verbose exit [ -13, true ]
